<?xml version="1.0" encoding="UTF-8"?>
<!-- Generated by org.testng.reporters.JUnitReportReporter -->
<testsuite hostname="LIN-PF1NYMNY" failures="0" tests="2" name="com.testNG.GetUser" time="3.664" errors="0" timestamp="2024-05-17T09:13:56 IST" skipped="0">
  <testcase classname="com.testNG.GetUser" name="getData" time="2.714"/>
  <testcase classname="com.testNG.GetUser" name="addData" time="0.950"/>
</testsuite> <!-- com.testNG.GetUser -->
