<?xml version="1.0" encoding="UTF-8"?>
<!-- Generated by org.testng.reporters.JUnitReportReporter -->
<testsuite hostname="LIN-PF1NYMNY" failures="0" tests="5" name="com.testNG.dataprovidertest" time="4.784" errors="0" timestamp="2024-05-17T12:23:50 IST" skipped="1">
  <testcase classname="com.testNG.dataprovidertest" name="addData" time="0.504"/>
  <testcase classname="com.testNG.dataprovidertest" name="addData" time="3.224"/>
  <testcase classname="com.testNG.dataprovidertest" name="putData" time="0.484"/>
  <testcase classname="com.testNG.dataprovidertest" name="patchData" time="0.572"/>
  <testcase classname="com.testNG.dataprovidertest" name="deleteData">
    <skipped/>
  </testcase> <!-- deleteData -->
</testsuite> <!-- com.testNG.dataprovidertest -->
