<?xml version="1.0" encoding="UTF-8"?>
<!-- Generated by org.testng.reporters.JUnitReportReporter -->
<testsuite hostname="LIN-PF1NYMNY" failures="0" tests="2" name="com.testNG.dataprovider" time="0.008" errors="0" timestamp="2024-05-17T09:29:07 IST" skipped="0">
  <testcase classname="com.testNG.dataprovider" name="f" time="0.007"/>
  <testcase classname="com.testNG.dataprovider" name="f" time="0.001"/>
</testsuite> <!-- com.testNG.dataprovider -->
