<?xml version="1.0" encoding="UTF-8"?>
<!-- Generated by org.testng.reporters.JUnitReportReporter -->
<testsuite hostname="LIN-PF1NYMNY" failures="0" tests="4" name="com.testng1.GetUser" time="5.350" errors="0" timestamp="2024-05-26T18:25:46 IST" skipped="0">
  <testcase classname="com.testng1.GetUser" name="getData" time="0.290"/>
  <testcase classname="com.testng1.GetUser" name="getData" time="2.917"/>
  <testcase classname="com.testng1.GetUser" name="addData" time="1.046"/>
  <testcase classname="com.testng1.GetUser" name="addData" time="1.097"/>
</testsuite> <!-- com.testng1.GetUser -->
